<?xml version="1.0" encoding="utf-8"?><testsuites name="pytest tests"><testsuite name="pytest" errors="0" failures="0" skipped="0" tests="11" time="6.374" timestamp="2026-09-10T10:29:55.777677+00:00" hostname="agent-env-e6eff6c3-6284-4ccb-94a3-12b8443adedb"><testcase classname="tests.test_drive_and_regression.TestDriveOAuth" name="test_drive_connect_returns_auth_url" time="0.798" /><testcase classname="tests.test_drive_and_regression.TestDriveOAuth" name="test_drive_status_admin" time="0.071" /><testcase classname="tests.test_drive_and_regression.TestAuthRegression" name="test_admin_login" time="0.879" /><testcase classname="tests.test_drive_and_regression.TestDriveOAuth" name="test_callback_with_error_redirects_gracefully" time="0.131" /><testcase classname="tests.test_drive_and_regression.TestDriveOAuth" name="test_callback_with_invalid_code_redirects_gracefully" time="0.325" /><testcase classname="tests.test_drive_and_regression.TestAuthRegression" name="test_patient_login" time="0.501" /><testcase classname="tests.test_drive_and_regression.TestDriveOAuth" name="test_callback_no_params_redirects_gracefully" time="0.110" /><testcase classname="tests.test_drive_and_regression.TestAuthRegression" name="test_health" time="0.119" /><testcase classname="tests.test_drive_and_regression.TestAuthRegression" name="test_dossiers_with_patient" time="0.061" /><testcase classname="tests.test_drive_and_regression.TestDriveUploadSuccess" name="test_patient_upload_creates_drive_file" time="4.207" /><testcase classname="tests.test_drive_and_regression.TestDriveUploadSuccess" name="test_patient_download_uploaded_file" time="0.186" /></testsuite></testsuites>