<?xml version="1.0" encoding="utf-8"?><testsuites name="pytest tests"><testsuite name="pytest" errors="0" failures="1" skipped="0" tests="18" time="6.669" timestamp="2026-09-15T15:22:16.351413+00:00" hostname="agent-env-e6eff6c3-6284-4ccb-94a3-12b8443adedb"><testcase classname="tests.test_password_reset" name="test_health" time="0.215" /><testcase classname="tests.test_password_reset" name="test_admin_login" time="0.374" /><testcase classname="tests.test_password_reset" name="test_patient_login" time="0.537" /><testcase classname="tests.test_password_reset" name="test_admin_dossiers" time="0.468" /><testcase classname="tests.test_password_reset" name="test_patient_dossiers" time="0.443" /><testcase classname="tests.test_password_reset.TestForgotPassword" name="test_forgot_unknown_email_returns_200_no_leak" time="0.189" /><testcase classname="tests.test_password_reset.TestForgotPassword" name="test_forgot_invalid_email_format_422" time="0.178" /><testcase classname="tests.test_password_reset.TestForgotPassword" name="test_forgot_undeliverable_real_user_should_return_200" time="0.279"><failure message="AssertionError: Expected 200 (no leak) but got 502. Email delivery failure should be swallowed to avoid leaking account state.&#10;assert 502 == 200&#10; +  where 502 = &lt;Response [502]&gt;.status_code">E   AssertionError: Expected 200 (no leak) but got 502. Email delivery failure should be swallowed to avoid leaking account state.
    assert 502 == 200
     +  where 502 = &lt;Response [502]&gt;.status_code</failure></testcase><testcase classname="tests.test_password_reset.TestResetPassword" name="test_reset_invalid_token_400" time="0.286" /><testcase classname="tests.test_password_reset.TestResetPassword" name="test_reset_expired_token_400" time="0.153" /><testcase classname="tests.test_password_reset.TestResetPassword" name="test_reset_used_token_400" time="0.163" /><testcase classname="tests.test_password_reset.TestResetPassword" name="test_reset_full_flow_patient_then_restore" time="1.735" /><testcase classname="tests.test_password_reset.TestPasswordStrengthRegister" name="test_register_weak_pwd_no_special" time="0.186" /><testcase classname="tests.test_password_reset.TestPasswordStrengthRegister" name="test_register_weak_pwd_no_digit" time="0.151" /><testcase classname="tests.test_password_reset.TestPasswordStrengthRegister" name="test_register_weak_pwd_too_few_letters" time="0.149" /><testcase classname="tests.test_password_reset.TestPasswordStrengthRegister" name="test_register_strong_pwd_with_recovery" time="0.432" /><testcase classname="tests.test_password_reset.TestPasswordStrengthRegister" name="test_register_strong_pwd_no_recovery" time="0.427" /><testcase classname="tests.test_password_reset.TestPasswordStrengthRegister" name="test_register_empty_recovery_email_422" time="0.173" /></testsuite></testsuites>