<?xml version="1.0" encoding="utf-8"?><testsuites name="pytest tests"><testsuite name="pytest" errors="0" failures="6" skipped="0" tests="26" time="5.184" timestamp="2026-09-14T21:42:26.337007+00:00" hostname="agent-env-e6eff6c3-6284-4ccb-94a3-12b8443adedb"><testcase classname="tests.backend_test.TestAuth" name="test_login_admin_role" time="0.669" /><testcase classname="tests.backend_test.TestDossier" name="test_create_and_get_dossier" time="1.045" /><testcase classname="tests.backend_test.TestDossier" name="test_list_dossiers_patient" time="0.059" /><testcase classname="tests.backend_test.TestAuth" name="test_login_patient_role" time="0.496" /><testcase classname="tests.backend_test.TestAuth" name="test_login_wrong_password" time="0.549" /><testcase classname="tests.backend_test.TestDossier" name="test_list_dossiers_admin_sees_all" time="0.605" /><testcase classname="tests.backend_test.TestDossier" name="test_patient_cannot_patch_dossier" time="0.225" /><testcase classname="tests.backend_test.TestAuth" name="test_me_unauthenticated" time="0.160" /><testcase classname="tests.backend_test.TestAuth" name="test_register_new_and_login" time="0.231"><failure message="assert 422 == 200&#10; +  where 422 = &lt;Response [422]&gt;.status_code">backend/tests/backend_test.py:77: in test_register_new_and_login
    assert r.status_code == 200
E   assert 422 == 200
E    +  where 422 = &lt;Response [422]&gt;.status_code</failure></testcase><testcase classname="tests.backend_test.TestDossier" name="test_admin_patch_dossier" time="0.210" /><testcase classname="tests.backend_test.TestAuth" name="test_register_duplicate_email" time="0.217"><failure message="assert 422 == 400&#10; +  where 422 = &lt;Response [422]&gt;.status_code">backend/tests/backend_test.py:85: in test_register_duplicate_email
    assert r.status_code == 400
E   assert 422 == 400
E    +  where 422 = &lt;Response [422]&gt;.status_code</failure></testcase><testcase classname="tests.backend_test.TestDossier" name="test_admin_invalid_status" time="0.184" /><testcase classname="tests.backend_test.TestDossier" name="test_get_dossier_404" time="0.065" /><testcase classname="tests.backend_test.TestAuth" name="test_logout" time="0.615" /><testcase classname="tests.backend_test.TestPayments" name="test_checkout_creates_session" time="1.613" /><testcase classname="tests.backend_test.TestFiles" name="test_upload_image" time="0.519"><failure message="AssertionError: {&quot;detail&quot;:&quot;Compila prima il questionario anamnestico (Passo 1)&quot;}&#10;assert 400 == 200&#10; +  where 400 = &lt;Response [400]&gt;.status_code">backend/tests/backend_test.py:182: in test_upload_image
    assert r.status_code == 200, r.text
E   AssertionError: {"detail":"Compila prima il questionario anamnestico (Passo 1)"}
E   assert 400 == 200
E    +  where 400 = &lt;Response [400]&gt;.status_code</failure></testcase><testcase classname="tests.backend_test.TestFiles" name="test_upload_invalid_extension" time="0.084" /><testcase classname="tests.backend_test.TestFiles" name="test_get_file" time="0.077" /><testcase classname="tests.backend_test.TestFiles" name="test_delete_file" time="0.437"><failure message="KeyError: 'files'">backend/tests/backend_test.py:212: in test_delete_file
    fid = r.json()["files"][0]["file_id"]
          ^^^^^^^^^^^^^^^^^
E   KeyError: 'files'</failure></testcase><testcase classname="tests.backend_test.TestPayments" name="test_checkout_invalid_lookup" time="0.126" /><testcase classname="tests.backend_test.TestSlots" name="test_admin_create_slot_and_patient_sees" time="0.311" /><testcase classname="tests.backend_test.TestPayments" name="test_checkout_consult_requires_slot" time="0.136" /><testcase classname="tests.backend_test.TestDrive" name="test_drive_status_not_configured" time="0.071"><failure message="assert True is False">backend/tests/backend_test.py:295: in test_drive_status_not_configured
    assert data["configured"] is False
E   assert True is False</failure></testcase><testcase classname="tests.backend_test.TestDrive" name="test_drive_connect_not_configured" time="0.110"><failure message="assert 200 == 400&#10; +  where 200 = &lt;Response [200]&gt;.status_code">backend/tests/backend_test.py:300: in test_drive_connect_not_configured
    assert r.status_code == 400
E   assert 200 == 400
E    +  where 200 = &lt;Response [200]&gt;.status_code</failure></testcase><testcase classname="tests.backend_test.TestSlots" name="test_patient_cannot_create_slot" time="0.071" /><testcase classname="tests.backend_test.TestHealth" name="test_health" time="0.177" /></testsuite></testsuites>