<?xml version="1.0" encoding="utf-8"?><testsuites name="pytest tests"><testsuite name="pytest" errors="0" failures="0" skipped="0" tests="13" time="4.781" timestamp="2026-09-10T18:02:50.419498+00:00" hostname="agent-env-e6eff6c3-6284-4ccb-94a3-12b8443adedb"><testcase classname="tests.test_new_features.TestIntegrazioneGating" name="test_integrazione_on_non_completed_returns_400" time="0.651" /><testcase classname="tests.test_new_features.TestIntegrazioneGating" name="test_integrazione_invalid_type_on_completed" time="0.696" /><testcase classname="tests.test_new_features.TestIntegrazioneGating" name="test_integrazione_missing_type_returns_400" time="0.269" /><testcase classname="tests.test_new_features.TestIntegrazioneGating" name="test_integrazione_valid_creates_stripe_session" time="1.215" /><testcase classname="tests.test_new_features.TestIntegrazioneGating" name="test_paypal_integrazione_gating" time="0.350" /><testcase classname="tests.test_new_features.TestIntegrationUploadFlow" name="test_completed_dossier_upload_blocked_unless_pending" time="0.254" /><testcase classname="tests.test_new_features.TestIntegrationUploadFlow" name="test_summary_file_upload_clears_integration_pending" time="0.571" /><testcase classname="tests.test_new_features.TestAdminConsents" name="test_list_consents_admin" time="0.092" /><testcase classname="tests.test_new_features.TestAdminConsents" name="test_list_consents_patient_403" time="0.088" /><testcase classname="tests.test_new_features.TestAdminConsents" name="test_list_consents_unauth_401" time="0.169" /><testcase classname="tests.test_new_features.TestAdminConsents" name="test_export_consents_admin_csv" time="0.088" /><testcase classname="tests.test_new_features.TestAdminConsents" name="test_export_consents_patient_403" time="0.088" /><testcase classname="tests.test_new_features.TestAdminConsents" name="test_export_consents_unauth_401" time="0.181" /></testsuite></testsuites>