<?xml version="1.0" encoding="utf-8"?><testsuites name="pytest tests"><testsuite name="pytest" errors="0" failures="1" skipped="0" tests="26" time="5.150" timestamp="2026-08-15T11:04:58.546557+00:00" hostname="agent-env-e6eff6c3-6284-4ccb-94a3-12b8443adedb"><testcase classname="tests.backend_test.TestDossier" name="test_create_and_get_dossier" time="0.748" /><testcase classname="tests.backend_test.TestAuth" name="test_login_admin_role" time="0.708" /><testcase classname="tests.backend_test.TestDossier" name="test_list_dossiers_patient" time="0.042" /><testcase classname="tests.backend_test.TestAuth" name="test_login_patient_role" time="0.572" /><testcase classname="tests.backend_test.TestAuth" name="test_login_wrong_password" time="0.356" /><testcase classname="tests.backend_test.TestDossier" name="test_list_dossiers_admin_sees_all" time="0.535" /><testcase classname="tests.backend_test.TestDossier" name="test_patient_cannot_patch_dossier" time="0.312" /><testcase classname="tests.backend_test.TestAuth" name="test_me_unauthenticated" time="0.132" /><testcase classname="tests.backend_test.TestDossier" name="test_admin_patch_dossier" time="0.185" /><testcase classname="tests.backend_test.TestAuth" name="test_register_new_and_login" time="0.322"><failure message="AssertionError: assert 'test_user_8426247c@test.it' == 'TEST_user_8426247c@test.it'&#10;  &#10;  - TEST_user_8426247c@test.it&#10;  ? ^^^^&#10;  + test_user_8426247c@test.it&#10;  ? ^^^^">backend/tests/backend_test.py:74: in test_register_new_and_login
    assert r.json()["email"] == email
E   AssertionError: assert 'test_user_8426247c@test.it' == 'TEST_user_8426247c@test.it'
E     
E     - TEST_user_8426247c@test.it
E     ? ^^^^
E     + test_user_8426247c@test.it
E     ? ^^^^</failure></testcase><testcase classname="tests.backend_test.TestDossier" name="test_admin_invalid_status" time="0.313" /><testcase classname="tests.backend_test.TestAuth" name="test_register_duplicate_email" time="0.105" /><testcase classname="tests.backend_test.TestDossier" name="test_get_dossier_404" time="0.042" /><testcase classname="tests.backend_test.TestAuth" name="test_logout" time="0.648" /><testcase classname="tests.backend_test.TestFiles" name="test_upload_image" time="0.648" /><testcase classname="tests.backend_test.TestFiles" name="test_upload_invalid_extension" time="0.045" /><testcase classname="tests.backend_test.TestPayments" name="test_checkout_creates_session" time="1.621" /><testcase classname="tests.backend_test.TestFiles" name="test_get_file" time="0.135" /><testcase classname="tests.backend_test.TestFiles" name="test_delete_file" time="0.137" /><testcase classname="tests.backend_test.TestSlots" name="test_admin_create_slot_and_patient_sees" time="0.135" /><testcase classname="tests.backend_test.TestSlots" name="test_patient_cannot_create_slot" time="0.041" /><testcase classname="tests.backend_test.TestDrive" name="test_drive_status_not_configured" time="0.046" /><testcase classname="tests.backend_test.TestDrive" name="test_drive_connect_not_configured" time="0.044" /><testcase classname="tests.backend_test.TestHealth" name="test_health" time="0.097" /><testcase classname="tests.backend_test.TestPayments" name="test_checkout_invalid_lookup" time="0.084" /><testcase classname="tests.backend_test.TestPayments" name="test_checkout_consult_requires_slot" time="0.087" /></testsuite></testsuites>