<?xml version="1.0" encoding="utf-8"?><testsuites name="pytest tests"><testsuite name="pytest" errors="0" failures="0" skipped="0" tests="13" time="14.772" timestamp="2026-09-10T17:18:34.045362+00:00" hostname="agent-env-e6eff6c3-6284-4ccb-94a3-12b8443adedb"><testcase classname="tests.test_security_audit_fixes" name="test_health" time="0.337" /><testcase classname="tests.test_security_audit_fixes" name="test_admin_login" time="0.483" /><testcase classname="tests.test_security_audit_fixes" name="test_patient_can_list_dossiers" time="0.516" /><testcase classname="tests.test_security_audit_fixes" name="test_xss_upload_html_as_png" time="2.595" /><testcase classname="tests.test_security_audit_fixes" name="test_legit_png_served_inline" time="2.538" /><testcase classname="tests.test_security_audit_fixes" name="test_pdf_served_as_attachment" time="2.372" /><testcase classname="tests.test_security_audit_fixes" name="test_admin_gallery_image_inline" time="2.316" /><testcase classname="tests.test_security_audit_fixes" name="test_payment_status_requires_auth" time="0.229" /><testcase classname="tests.test_security_audit_fixes" name="test_payment_status_ownership" time="2.059" /><testcase classname="tests.test_security_audit_fixes" name="test_paypal_capture_nonexistent_order" time="0.097" /><testcase classname="tests.test_security_audit_fixes" name="test_paypal_capture_forbidden_for_other_user" time="0.150" /><testcase classname="tests.test_security_audit_fixes" name="test_register_short_password_rejected" time="0.162" /><testcase classname="tests.test_security_audit_fixes" name="test_register_valid_password_ok" time="0.372" /></testsuite></testsuites>